<?xml version="1.0" encoding="UTF-8"?>
<coverage generated="1746620256">
  <project timestamp="1746620256">
    <file name="C:\laragon\www\projet8-TodoList\src\Controller\Admin\UserController.php">
      <class name="App\Controller\Admin\UserController" namespace="global">
        <metrics complexity="11" methods="4" coveredmethods="4" conditionals="0" coveredconditionals="0" statements="44" coveredstatements="44" elements="48" coveredelements="48"/>
      </class>
      <line num="21" type="method" name="list" visibility="public" complexity="1" crap="1" count="5"/>
      <line num="24" type="stmt" count="5"/>
      <line num="26" type="stmt" count="5"/>
      <line num="30" type="method" name="create" visibility="public" complexity="3" crap="3" count="1"/>
      <line num="36" type="stmt" count="1"/>
      <line num="37" type="stmt" count="1"/>
      <line num="38" type="stmt" count="1"/>
      <line num="39" type="stmt" count="1"/>
      <line num="41" type="stmt" count="1"/>
      <line num="42" type="stmt" count="1"/>
      <line num="43" type="stmt" count="1"/>
      <line num="44" type="stmt" count="1"/>
      <line num="45" type="stmt" count="1"/>
      <line num="46" type="stmt" count="1"/>
      <line num="47" type="stmt" count="1"/>
      <line num="49" type="stmt" count="1"/>
      <line num="51" type="stmt" count="1"/>
      <line num="54" type="stmt" count="1"/>
      <line num="55" type="stmt" count="1"/>
      <line num="56" type="stmt" count="1"/>
      <line num="60" type="method" name="edit" visibility="public" complexity="5" crap="5" count="4"/>
      <line num="67" type="stmt" count="4"/>
      <line num="68" type="stmt" count="4"/>
      <line num="69" type="stmt" count="2"/>
      <line num="72" type="stmt" count="2"/>
      <line num="73" type="stmt" count="2"/>
      <line num="74" type="stmt" count="2"/>
      <line num="76" type="stmt" count="2"/>
      <line num="77" type="stmt" count="2"/>
      <line num="78" type="stmt" count="2"/>
      <line num="79" type="stmt" count="2"/>
      <line num="80" type="stmt" count="1"/>
      <line num="81" type="stmt" count="1"/>
      <line num="82" type="stmt" count="1"/>
      <line num="85" type="stmt" count="2"/>
      <line num="87" type="stmt" count="2"/>
      <line num="89" type="stmt" count="2"/>
      <line num="92" type="stmt" count="2"/>
      <line num="93" type="stmt" count="2"/>
      <line num="94" type="stmt" count="2"/>
      <line num="95" type="stmt" count="2"/>
      <line num="99" type="method" name="delete" visibility="public" complexity="2" crap="2" count="1"/>
      <line num="102" type="stmt" count="1"/>
      <line num="103" type="stmt" count="1"/>
      <line num="104" type="stmt" count="1"/>
      <line num="105" type="stmt" count="1"/>
      <line num="106" type="stmt" count="1"/>
      <line num="109" type="stmt" count="1"/>
      <metrics loc="114" ncloc="113" classes="1" methods="4" coveredmethods="4" conditionals="0" coveredconditionals="0" statements="44" coveredstatements="44" elements="48" coveredelements="48"/>
    </file>
    <file name="C:\laragon\www\projet8-TodoList\src\Controller\DefaultController.php">
      <class name="App\Controller\DefaultController" namespace="global">
        <metrics complexity="1" methods="1" coveredmethods="1" conditionals="0" coveredconditionals="0" statements="1" coveredstatements="1" elements="2" coveredelements="2"/>
      </class>
      <line num="12" type="method" name="index" visibility="public" complexity="1" crap="1" count="21"/>
      <line num="15" type="stmt" count="21"/>
      <metrics loc="20" ncloc="20" classes="1" methods="1" coveredmethods="1" conditionals="0" coveredconditionals="0" statements="1" coveredstatements="1" elements="2" coveredelements="2"/>
    </file>
    <file name="C:\laragon\www\projet8-TodoList\src\Controller\RegistrationController.php">
      <class name="App\Controller\RegistrationController" namespace="global">
        <metrics complexity="3" methods="1" coveredmethods="1" conditionals="0" coveredconditionals="0" statements="12" coveredstatements="12" elements="13" coveredelements="13"/>
      </class>
      <line num="18" type="method" name="register" visibility="public" complexity="3" crap="3" count="1"/>
      <line num="22" type="stmt" count="1"/>
      <line num="23" type="stmt" count="1"/>
      <line num="25" type="stmt" count="1"/>
      <line num="27" type="stmt" count="1"/>
      <line num="28" type="stmt" count="1"/>
      <line num="29" type="stmt" count="1"/>
      <line num="30" type="stmt" count="1"/>
      <line num="32" type="stmt" count="1"/>
      <line num="33" type="stmt" count="1"/>
      <line num="35" type="stmt" count="1"/>
      <line num="37" type="stmt" count="1"/>
      <line num="40" type="stmt" count="1"/>
      <metrics loc="45" ncloc="45" classes="1" methods="1" coveredmethods="1" conditionals="0" coveredconditionals="0" statements="12" coveredstatements="12" elements="13" coveredelements="13"/>
    </file>
    <file name="C:\laragon\www\projet8-TodoList\src\Controller\SecurityController.php">
      <class name="App\Controller\SecurityController" namespace="global">
        <metrics complexity="1" methods="1" coveredmethods="1" conditionals="0" coveredconditionals="0" statements="6" coveredstatements="6" elements="7" coveredelements="7"/>
      </class>
      <line num="14" type="method" name="login" visibility="public" complexity="1" crap="1" count="24"/>
      <line num="17" type="stmt" count="24"/>
      <line num="18" type="stmt" count="24"/>
      <line num="20" type="stmt" count="24"/>
      <line num="21" type="stmt" count="24"/>
      <line num="22" type="stmt" count="24"/>
      <line num="23" type="stmt" count="24"/>
      <metrics loc="28" ncloc="28" classes="1" methods="1" coveredmethods="1" conditionals="0" coveredconditionals="0" statements="6" coveredstatements="6" elements="7" coveredelements="7"/>
    </file>
    <file name="C:\laragon\www\projet8-TodoList\src\Controller\TaskController.php">
      <class name="App\Controller\TaskController" namespace="global">
        <metrics complexity="11" methods="6" coveredmethods="6" conditionals="0" coveredconditionals="0" statements="39" coveredstatements="39" elements="45" coveredelements="45"/>
      </class>
      <line num="19" type="method" name="__construct" visibility="public" complexity="1" crap="1" count="9"/>
      <line num="21" type="stmt" count="9"/>
      <line num="24" type="method" name="list" visibility="public" complexity="1" crap="1" count="5"/>
      <line num="27" type="stmt" count="5"/>
      <line num="29" type="stmt" count="5"/>
      <line num="33" type="method" name="create" visibility="public" complexity="3" crap="3" count="1"/>
      <line num="37" type="stmt" count="1"/>
      <line num="39" type="stmt" count="1"/>
      <line num="40" type="stmt" count="1"/>
      <line num="42" type="stmt" count="1"/>
      <line num="43" type="stmt" count="1"/>
      <line num="44" type="stmt" count="1"/>
      <line num="45" type="stmt" count="1"/>
      <line num="47" type="stmt" count="1"/>
      <line num="49" type="stmt" count="1"/>
      <line num="52" type="stmt" count="1"/>
      <line num="56" type="method" name="edit" visibility="public" complexity="3" crap="3" count="3"/>
      <line num="59" type="stmt" count="3"/>
      <line num="60" type="stmt" count="1"/>
      <line num="62" type="stmt" count="2"/>
      <line num="64" type="stmt" count="1"/>
      <line num="66" type="stmt" count="1"/>
      <line num="67" type="stmt" count="1"/>
      <line num="69" type="stmt" count="1"/>
      <line num="71" type="stmt" count="1"/>
      <line num="74" type="stmt" count="1"/>
      <line num="75" type="stmt" count="1"/>
      <line num="76" type="stmt" count="1"/>
      <line num="77" type="stmt" count="1"/>
      <line num="81" type="method" name="toggleTask" visibility="public" complexity="2" crap="2" count="2"/>
      <line num="84" type="stmt" count="2"/>
      <line num="85" type="stmt" count="1"/>
      <line num="87" type="stmt" count="1"/>
      <line num="89" type="stmt" count="1"/>
      <line num="90" type="stmt" count="1"/>
      <line num="92" type="stmt" count="1"/>
      <line num="94" type="stmt" count="1"/>
      <line num="98" type="method" name="deleteTask" visibility="public" complexity="1" crap="1" count="4"/>
      <line num="101" type="stmt" count="4"/>
      <line num="102" type="stmt" count="1"/>
      <line num="104" type="stmt" count="3"/>
      <line num="106" type="stmt" count="2"/>
      <line num="107" type="stmt" count="2"/>
      <line num="109" type="stmt" count="2"/>
      <line num="111" type="stmt" count="2"/>
      <metrics loc="116" ncloc="116" classes="1" methods="6" coveredmethods="6" conditionals="0" coveredconditionals="0" statements="39" coveredstatements="39" elements="45" coveredelements="45"/>
    </file>
    <file name="C:\laragon\www\projet8-TodoList\src\Entity\Task.php">
      <class name="App\Entity\Task" namespace="global">
        <metrics complexity="12" methods="12" coveredmethods="12" conditionals="0" coveredconditionals="0" statements="13" coveredstatements="13" elements="25" coveredelements="25"/>
      </class>
      <line num="55" type="method" name="__construct" visibility="public" complexity="1" crap="1" count="37"/>
      <line num="57" type="stmt" count="37"/>
      <line num="64" type="method" name="getId" visibility="public" complexity="1" crap="1" count="5"/>
      <line num="66" type="stmt" count="5"/>
      <line num="73" type="method" name="getCreatedAt" visibility="public" complexity="1" crap="1" count="2"/>
      <line num="75" type="stmt" count="2"/>
      <line num="84" type="method" name="setCreatedAt" visibility="public" complexity="1" crap="1" count="1"/>
      <line num="86" type="stmt" count="1"/>
      <line num="93" type="method" name="getTitle" visibility="public" complexity="1" crap="1" count="6"/>
      <line num="95" type="stmt" count="6"/>
      <line num="104" type="method" name="setTitle" visibility="public" complexity="1" crap="1" count="26"/>
      <line num="106" type="stmt" count="26"/>
      <line num="113" type="method" name="getContent" visibility="public" complexity="1" crap="1" count="6"/>
      <line num="115" type="stmt" count="6"/>
      <line num="124" type="method" name="setContent" visibility="public" complexity="1" crap="1" count="26"/>
      <line num="126" type="stmt" count="26"/>
      <line num="133" type="method" name="isDone" visibility="public" complexity="1" crap="1" count="7"/>
      <line num="135" type="stmt" count="7"/>
      <line num="144" type="method" name="toggle" visibility="public" complexity="1" crap="1" count="2"/>
      <line num="146" type="stmt" count="2"/>
      <line num="150" type="method" name="getAuthor" visibility="public" complexity="1" crap="1" count="13"/>
      <line num="152" type="stmt" count="13"/>
      <line num="156" type="method" name="setAuthor" visibility="public" complexity="1" crap="1" count="32"/>
      <line num="158" type="stmt" count="32"/>
      <line num="160" type="stmt" count="32"/>
      <metrics loc="165" ncloc="112" classes="1" methods="12" coveredmethods="12" conditionals="0" coveredconditionals="0" statements="13" coveredstatements="13" elements="25" coveredelements="25"/>
    </file>
    <file name="C:\laragon\www\projet8-TodoList\src\Entity\User.php">
      <class name="App\Entity\User" namespace="global">
        <metrics complexity="15" methods="14" coveredmethods="14" conditionals="0" coveredconditionals="0" statements="21" coveredstatements="21" elements="35" coveredelements="35"/>
      </class>
      <line num="44" type="method" name="__construct" visibility="public" complexity="1" crap="1" count="37"/>
      <line num="46" type="stmt" count="37"/>
      <line num="47" type="stmt" count="37"/>
      <line num="51" type="method" name="getId" visibility="public" complexity="1" crap="1" count="5"/>
      <line num="53" type="stmt" count="5"/>
      <line num="57" type="method" name="getUserIdentifier" visibility="public" complexity="1" crap="1" count="22"/>
      <line num="59" type="stmt" count="22"/>
      <line num="63" type="method" name="getUsername" visibility="public" complexity="1" crap="1" count="14"/>
      <line num="65" type="stmt" count="14"/>
      <line num="69" type="method" name="setUsername" visibility="public" complexity="1" crap="1" count="30"/>
      <line num="71" type="stmt" count="30"/>
      <line num="73" type="stmt" count="30"/>
      <line num="77" type="method" name="getSalt" visibility="public" complexity="1" crap="1" count="1"/>
      <line num="79" type="stmt" count="1"/>
      <line num="83" type="method" name="getPassword" visibility="public" complexity="1" crap="1" count="22"/>
      <line num="85" type="stmt" count="22"/>
      <line num="89" type="method" name="setPassword" visibility="public" complexity="1" crap="1" count="26"/>
      <line num="91" type="stmt" count="26"/>
      <line num="93" type="stmt" count="26"/>
      <line num="97" type="method" name="getEmail" visibility="public" complexity="1" crap="1" count="7"/>
      <line num="99" type="stmt" count="7"/>
      <line num="103" type="method" name="setEmail" visibility="public" complexity="1" crap="1" count="26"/>
      <line num="105" type="stmt" count="26"/>
      <line num="107" type="stmt" count="26"/>
      <line num="111" type="method" name="getRoles" visibility="public" complexity="1" crap="1" count="30"/>
      <line num="113" type="stmt" count="30"/>
      <line num="117" type="method" name="setRoles" visibility="public" complexity="2" crap="2" count="28"/>
      <line num="119" type="stmt" count="28"/>
      <line num="120" type="stmt" count="28"/>
      <line num="122" type="stmt" count="1"/>
      <line num="125" type="stmt" count="28"/>
      <line num="129" type="method" name="eraseCredentials" visibility="public" complexity="1" crap="1" count="21"/>
      <line num="132" type="stmt" count="21"/>
      <line num="135" type="method" name="getTasks" visibility="public" complexity="1" crap="1" count="1"/>
      <line num="137" type="stmt" count="1"/>
      <metrics loc="142" ncloc="140" classes="1" methods="14" coveredmethods="14" conditionals="0" coveredconditionals="0" statements="21" coveredstatements="21" elements="35" coveredelements="35"/>
    </file>
    <file name="C:\laragon\www\projet8-TodoList\src\Form\RegistrationFormType.php">
      <class name="App\Form\RegistrationFormType" namespace="global">
        <metrics complexity="4" methods="2" coveredmethods="2" conditionals="0" coveredconditionals="0" statements="31" coveredstatements="31" elements="33" coveredelements="33"/>
      </class>
      <line num="20" type="method" name="buildForm" visibility="public" complexity="3" crap="3" count="4"/>
      <line num="22" type="stmt" count="4"/>
      <line num="23" type="stmt" count="4"/>
      <line num="24" type="stmt" count="4"/>
      <line num="25" type="stmt" count="4"/>
      <line num="26" type="stmt" count="4"/>
      <line num="27" type="stmt" count="4"/>
      <line num="28" type="stmt" count="4"/>
      <line num="29" type="stmt" count="4"/>
      <line num="30" type="stmt" count="4"/>
      <line num="31" type="stmt" count="4"/>
      <line num="32" type="stmt" count="4"/>
      <line num="35" type="stmt" count="4"/>
      <line num="36" type="stmt" count="3"/>
      <line num="37" type="stmt" count="3"/>
      <line num="38" type="stmt" count="3"/>
      <line num="39" type="stmt" count="3"/>
      <line num="40" type="stmt" count="3"/>
      <line num="41" type="stmt" count="3"/>
      <line num="42" type="stmt" count="3"/>
      <line num="43" type="stmt" count="3"/>
      <line num="44" type="stmt" count="3"/>
      <line num="45" type="stmt" count="3"/>
      <line num="47" type="stmt" count="3"/>
      <line num="48" type="stmt" count="3"/>
      <line num="49" type="stmt" count="3"/>
      <line num="50" type="stmt" count="3"/>
      <line num="52" type="stmt" count="3"/>
      <line num="57" type="method" name="configureOptions" visibility="public" complexity="1" crap="1" count="4"/>
      <line num="59" type="stmt" count="4"/>
      <line num="60" type="stmt" count="4"/>
      <line num="61" type="stmt" count="4"/>
      <line num="62" type="stmt" count="4"/>
      <metrics loc="67" ncloc="66" classes="1" methods="2" coveredmethods="2" conditionals="0" coveredconditionals="0" statements="31" coveredstatements="31" elements="33" coveredelements="33"/>
    </file>
    <file name="C:\laragon\www\projet8-TodoList\src\Form\TaskType.php">
      <class name="App\Form\TaskType" namespace="global">
        <metrics complexity="1" methods="1" coveredmethods="1" conditionals="0" coveredconditionals="0" statements="4" coveredstatements="4" elements="5" coveredelements="5"/>
      </class>
      <line num="13" type="method" name="buildForm" visibility="public" complexity="1" crap="1" count="2"/>
      <line num="15" type="stmt" count="2"/>
      <line num="16" type="stmt" count="2"/>
      <line num="17" type="stmt" count="2"/>
      <line num="18" type="stmt" count="2"/>
      <metrics loc="23" ncloc="23" classes="1" methods="1" coveredmethods="1" conditionals="0" coveredconditionals="0" statements="4" coveredstatements="4" elements="5" coveredelements="5"/>
    </file>
    <file name="C:\laragon\www\projet8-TodoList\src\Repository\TaskRepository.php">
      <class name="App\Repository\TaskRepository" namespace="global">
        <metrics complexity="2" methods="2" coveredmethods="2" conditionals="0" coveredconditionals="0" statements="7" coveredstatements="7" elements="9" coveredelements="9"/>
      </class>
      <line num="13" type="method" name="__construct" visibility="public" complexity="1" crap="1" count="5"/>
      <line num="15" type="stmt" count="5"/>
      <line num="24" type="method" name="findAllWithAuthor" visibility="public" complexity="1" crap="1" count="5"/>
      <line num="26" type="stmt" count="5"/>
      <line num="27" type="stmt" count="5"/>
      <line num="28" type="stmt" count="5"/>
      <line num="29" type="stmt" count="5"/>
      <line num="30" type="stmt" count="5"/>
      <line num="31" type="stmt" count="5"/>
      <metrics loc="36" ncloc="31" classes="1" methods="2" coveredmethods="2" conditionals="0" coveredconditionals="0" statements="7" coveredstatements="7" elements="9" coveredelements="9"/>
    </file>
    <file name="C:\laragon\www\projet8-TodoList\src\Repository\UserRepository.php">
      <class name="App\Repository\UserRepository" namespace="global">
        <metrics complexity="1" methods="1" coveredmethods="1" conditionals="0" coveredconditionals="0" statements="1" coveredstatements="1" elements="2" coveredelements="2"/>
      </class>
      <line num="13" type="method" name="__construct" visibility="public" complexity="1" crap="1" count="23"/>
      <line num="15" type="stmt" count="23"/>
      <metrics loc="43" ncloc="20" classes="1" methods="1" coveredmethods="1" conditionals="0" coveredconditionals="0" statements="1" coveredstatements="1" elements="2" coveredelements="2"/>
    </file>
    <file name="C:\laragon\www\projet8-TodoList\src\Security\Voter\TaskVoter.php">
      <class name="App\Security\Voter\TaskVoter" namespace="global">
        <metrics complexity="15" methods="3" coveredmethods="2" conditionals="0" coveredconditionals="0" statements="21" coveredstatements="20" elements="24" coveredelements="22"/>
      </class>
      <line num="17" type="method" name="supports" visibility="protected" complexity="3" crap="3" count="33"/>
      <line num="19" type="stmt" count="33"/>
      <line num="20" type="stmt" count="33"/>
      <line num="27" type="method" name="voteOnAttribute" visibility="protected" complexity="10" crap="10.02" count="14"/>
      <line num="30" type="stmt" count="14"/>
      <line num="32" type="stmt" count="14"/>
      <line num="34" type="stmt" count="1"/>
      <line num="38" type="stmt" count="13"/>
      <line num="39" type="stmt" count="2"/>
      <line num="43" type="stmt" count="12"/>
      <line num="44" type="stmt" count="12"/>
      <line num="46" type="stmt" count="12"/>
      <line num="47" type="stmt" count="12"/>
      <line num="50" type="stmt" count="12"/>
      <line num="52" type="stmt" count="6"/>
      <line num="55" type="stmt" count="10"/>
      <line num="57" type="stmt" count="10"/>
      <line num="58" type="stmt" count="5"/>
      <line num="62" type="stmt" count="9"/>
      <line num="63" type="stmt" count="2"/>
      <line num="66" type="stmt" count="8"/>
      <line num="69" type="stmt" count="0"/>
      <line num="73" type="method" name="isAnonymous" visibility="private" complexity="2" crap="2" count="3"/>
      <line num="75" type="stmt" count="3"/>
      <metrics loc="80" ncloc="69" classes="1" methods="3" coveredmethods="2" conditionals="0" coveredconditionals="0" statements="21" coveredstatements="20" elements="24" coveredelements="22"/>
    </file>
    <metrics files="12" loc="879" ncloc="783" classes="12" methods="48" coveredmethods="47" conditionals="0" coveredconditionals="0" statements="200" coveredstatements="199" elements="248" coveredelements="246"/>
  </project>
</coverage>
